  GameState.cpp
c:\users\manfred mosterdfiets\desktop\sfml group\sfmltemplate\sfmltemplate\gamestate.cpp(100): warning C4018: '<': signed/unsigned mismatch
c:\users\manfred mosterdfiets\desktop\sfml group\sfmltemplate\sfmltemplate\gamestate.cpp(112): warning C4018: '<': signed/unsigned mismatch
c:\users\manfred mosterdfiets\desktop\sfml group\sfmltemplate\sfmltemplate\gamestate.cpp(125): warning C4018: '<': signed/unsigned mismatch
  Generating Code...
  Compiling...
  SplashState.cpp
  Pipe.cpp
c:\users\manfred mosterdfiets\desktop\sfml group\sfmltemplate\sfmltemplate\pipe.cpp(12): warning C4244: 'argument': conversion from 'unsigned int' to 'float', possible loss of data
c:\users\manfred mosterdfiets\desktop\sfml group\sfmltemplate\sfmltemplate\pipe.cpp(18): warning C4244: 'argument': conversion from 'int' to 'float', possible loss of data
c:\users\manfred mosterdfiets\desktop\sfml group\sfmltemplate\sfmltemplate\pipe.cpp(18): warning C4244: 'argument': conversion from 'unsigned int' to 'float', possible loss of data
c:\users\manfred mosterdfiets\desktop\sfml group\sfmltemplate\sfmltemplate\pipe.cpp(24): warning C4244: 'argument': conversion from 'unsigned int' to 'float', possible loss of data
c:\users\manfred mosterdfiets\desktop\sfml group\sfmltemplate\sfmltemplate\pipe.cpp(30): warning C4244: 'argument': conversion from 'unsigned int' to 'float', possible loss of data
  MainMenuState.cpp
  Main.cpp
  Land.cpp
c:\users\manfred mosterdfiets\desktop\sfml group\sfmltemplate\sfmltemplate\land.cpp(23): warning C4244: 'argument': conversion from 'unsigned int' to 'float', possible loss of data
  HUD.cpp
c:\users\manfred mosterdfiets\desktop\sfml group\sfmltemplate\sfmltemplate\hud.cpp(17): warning C4244: 'argument': conversion from 'unsigned int' to 'float', possible loss of data
  GameOverState.cpp
c:\users\manfred mosterdfiets\desktop\sfml group\sfmltemplate\sfmltemplate\gameoverstate.cpp(55): warning C4244: 'argument': conversion from 'double' to 'float', possible loss of data
c:\users\manfred mosterdfiets\desktop\sfml group\sfmltemplate\sfmltemplate\gameoverstate.cpp(56): warning C4244: 'argument': conversion from 'double' to 'float', possible loss of data
c:\users\manfred mosterdfiets\desktop\sfml group\sfmltemplate\sfmltemplate\gameoverstate.cpp(63): warning C4244: 'argument': conversion from 'double' to 'float', possible loss of data
c:\users\manfred mosterdfiets\desktop\sfml group\sfmltemplate\sfmltemplate\gameoverstate.cpp(70): warning C4244: 'argument': conversion from 'double' to 'float', possible loss of data
  Flash.cpp
c:\users\manfred mosterdfiets\desktop\sfml group\sfmltemplate\sfmltemplate\flash.cpp(13): warning C4244: 'initializing': conversion from 'float' to 'int', possible loss of data
c:\users\manfred mosterdfiets\desktop\sfml group\sfmltemplate\sfmltemplate\flash.cpp(16): warning C4244: '=': conversion from 'float' to 'int', possible loss of data
c:\users\manfred mosterdfiets\desktop\sfml group\sfmltemplate\sfmltemplate\flash.cpp(23): warning C4244: 'initializing': conversion from 'float' to 'int', possible loss of data
c:\users\manfred mosterdfiets\desktop\sfml group\sfmltemplate\sfmltemplate\flash.cpp(26): warning C4244: '=': conversion from 'float' to 'int', possible loss of data
  Bird.cpp
  Generating Code...
  SFMLTemplate.vcxproj -> C:\Users\Manfred Mosterdfiets\Desktop\SFML Group\SFMLTemplate\Debug\SFMLTemplate.exe
  SFMLTemplate.vcxproj -> C:\Users\Manfred Mosterdfiets\Desktop\SFML Group\SFMLTemplate\Debug\SFMLTemplate.pdb (Full PDB)
